<?xml version="1.0" encoding="UTF-8"?>
<!-- Generated by org.testng.reporters.JUnitReportReporter -->
<testsuite hostname="EC2AMAZ-S11DBRH" failures="1" tests="4" name="ParallelExicution" time="26.160" errors="0" timestamp="2023-08-25T06:27:36 GMT" skipped="0">
  <testcase classname="ParallelExicution" name="runScenario" time="7.270"/>
  <system-out/>
  <testcase classname="ParallelExicution" name="runScenario" time="6.041">
    <failure message="expected [Selenium Tutorial - Google Search Page] but found [Selenium Tutorial - Google Search]" type="java.lang.AssertionError">
      <![CDATA[java.lang.AssertionError: expected [Selenium Tutorial - Google Search Page] but found [Selenium Tutorial - Google Search]
at org.testng.Assert.fail(Assert.java:110)
at org.testng.Assert.failNotEquals(Assert.java:1413)
at org.testng.Assert.assertEqualsImpl(Assert.java:149)
at org.testng.Assert.assertEquals(Assert.java:131)
at org.testng.Assert.assertEquals(Assert.java:655)
at org.testng.Assert.assertEquals(Assert.java:665)
at stepDefinations.GooglePageStepDefinationTest.should_display_selenium_result_page(GooglePageStepDefinationTest.java:53)
at âœ½.Should Display Selenium Result Page(file:///C:/Users/Administrator/git/BDDCucumber/src/test/resources/features/GooglePageSearch.feature:11)
]]>
    </failure>
  </testcase> <!-- runScenario -->
  <system-out/>
  <testcase classname="ParallelExicution" name="runScenario" time="7.381"/>
  <system-out/>
  <testcase classname="ParallelExicution" name="runScenario" time="5.468"/>
  <system-out/>
</testsuite> <!-- ParallelExicution -->
